<?xml version="1.0" encoding="UTF-8"?>
<!-- Generated by org.testng.reporters.JUnitXMLReporter -->
<testsuite hostname="DSURYAKU" ignored="0" name="Default test" tests="3" failures="0" timestamp="14 Aug 2020 17:30:02 GMT" time="229.637" errors="0">
  <testcase name="TC01" time="70.389" classname="khan.nativeapp.testcases.KhanAppTest"/>
  <testcase name="TC02" time="51.236" classname="khan.nativeapp.testcases.KhanAppTest"/>
  <testcase name="TC03" time="36.81" classname="khan.nativeapp.testcases.KhanAppTest"/>
</testsuite> <!-- Default test -->
